::1 - - [04/Mar/2018:10:19:23 +0000] "POST /me HTTP/1.1" 404 142 "-" "Mozilla/5.0 (Windows NT 10.0; Win64; x64) AppleWebKit/537.36 (KHTML, like Gecko) Chrome/61.0.3163.100 Safari/537.36"
::1 - - [04/Mar/2018:10:19:49 +0000] "POST /login HTTP/1.1" 200 711 "-" "Mozilla/5.0 (Windows NT 10.0; Win64; x64) AppleWebKit/537.36 (KHTML, like Gecko) Chrome/61.0.3163.100 Safari/537.36"
POST /login 200 711 - 150.148 ms
POST /signin 200 752 - 178.538 ms
POST /signin 200 755 - 131.884 ms
POST /login 200 48 - 16.147 ms
POST /signin 200 711 - 174.127 ms
POST /signin 200 738 - 211.607 ms
POST /signin 200 741 - 134.755 ms
POST /login 200 738 - 170.146 ms
POST /localhost/login 404 155 - 2.790 ms
POST /localhost/login 404 155 - 0.880 ms
POST /localhost/login 404 155 - 1.244 ms
POST /localhost/login 404 155 - 2.666 ms
POST /login 200 741 - 155.814 ms
POST /login 200 741 - 115.255 ms
POST /login - - - - ms
POST /login 200 741 - 123.996 ms
POST /login 200 48 - 1.522 ms
POST /login 200 48 - 2.099 ms
POST /login 200 48 - 2.315 ms
POST /login 200 48 - 1.473 ms
POST /login 200 48 - 1.868 ms
POST /login 200 48 - 2.969 ms
POST /login 200 48 - 1.519 ms
POST /login 200 48 - 1.120 ms
POST /login 200 48 - 2.859 ms
POST /login 200 48 - 1.172 ms
POST /login 200 48 - 2.491 ms
POST /login 200 48 - 1.920 ms
POST /login 200 48 - 1.544 ms
POST /login 200 741 - 121.890 ms
POST /signin 200 738 - 205.160 ms
POST /login 200 51 - 4.877 ms
POST /login 200 738 - 130.504 ms
POST /login 200 738 - 117.774 ms
POST /login 200 738 - 124.190 ms
POST /login 200 738 - 122.716 ms
POST /login 200 738 - 157.451 ms
POST /login 200 738 - 120.346 ms
POST /login 200 738 - 122.764 ms
POST /login 200 738 - 124.023 ms
POST /login - - - - ms
POST /login 200 738 - 124.550 ms
POST /login 200 738 - 119.677 ms
POST /login 200 738 - 119.818 ms
POST /login 200 738 - 120.096 ms
POST /login 200 738 - 122.445 ms
POST /login 200 738 - 136.598 ms
POST /login 200 738 - 116.853 ms
POST /login 200 738 - 122.784 ms
POST /login - - - - ms
POST /login - - - - ms
POST /login - - - - ms
POST /login - - - - ms
POST /login - - - - ms
POST /login - - - - ms
POST /login - - - - ms
POST /login 200 738 - 117.863 ms
POST /login 200 738 - 123.663 ms
POST /login 200 738 - 114.988 ms
POST /login 200 738 - 118.600 ms
POST /login 200 738 - 117.419 ms
POST /login 200 738 - 154.823 ms
POST /login 200 738 - 117.773 ms
POST /card/ 200 452 - 3.266 ms
POST /login 200 51 - 11.835 ms
POST /login 200 51 - 3.399 ms
POST /login 200 51 - 2.023 ms
POST /login 200 51 - 1.214 ms
POST /login 200 51 - 1.201 ms
POST /login 200 51 - 14.304 ms
POST /signin - - - - ms
POST /signin - - - - ms
POST /login 200 738 - 152.128 ms
POST /login 200 738 - 118.772 ms
POST /card/ 200 94 - 16.770 ms
POST /login 200 738 - 117.976 ms
POST /login 200 738 - 118.119 ms
POST /card/ 200 94 - 4.089 ms
POST /login 200 738 - 142.233 ms
POST /card/ 200 94 - 23.669 ms
POST /login 200 738 - 124.011 ms
POST /card/ 200 94 - 8.358 ms
POST /login 200 738 - 131.731 ms
POST /card/ 200 94 - 4.967 ms
POST /login 200 738 - 129.103 ms
POST /card/ 200 452 - 21.528 ms
POST /signin 200 782 - 201.069 ms
POST /login 200 782 - 138.865 ms
POST /card/ 200 611 - 37.190 ms
POST /card/ - - - - ms
POST /card/ 200 634 - 13.625 ms
POST /signin 200 782 - 163.053 ms
POST /signin 200 782 - 213.428 ms
POST /login 200 51 - 3.918 ms
POST /login 200 51 - 3.685 ms
POST /login 200 782 - 128.732 ms
POST /card/ 200 485 - 12.768 ms
POST /signin 200 782 - 197.259 ms
POST /login 200 782 - 116.863 ms
POST /card/ 200 485 - 17.821 ms
POST /login 200 787 - 128.820 ms
POST /login 200 51 - 2.044 ms
POST /login 200 787 - 121.144 ms
POST /card/ 200 491 - 14.381 ms
POST /card/ 200 497 - 10.130 ms
POST /login 200 799 - 152.235 ms
POST /login 200 799 - 124.910 ms
POST /login 200 799 - 119.348 ms
POST /login 200 799 - 122.248 ms
POST /login - - - - ms
POST /login - - - - ms
POST /login 200 799 - 143.824 ms
::1 - - [14/Mar/2018:12:30:26 +0000] "POST /login HTTP/1.1" 200 589 "http://localhost/" "Mozilla/5.0 (Windows NT 10.0; Win64; x64) AppleWebKit/537.36 (KHTML, like Gecko) Chrome/61.0.3163.100 Safari/537.36"
::1 - - [14/Mar/2018:12:31:29 +0000] "GET /user HTTP/1.1" 304 - "http://localhost/" "Mozilla/5.0 (Windows NT 10.0; Win64; x64) AppleWebKit/537.36 (KHTML, like Gecko) Chrome/61.0.3163.100 Safari/537.36"
::1 - - [14/Mar/2018:12:31:41 +0000] "POST /login HTTP/1.1" 200 589 "http://localhost/" "Mozilla/5.0 (Windows NT 10.0; Win64; x64) AppleWebKit/537.36 (KHTML, like Gecko) Chrome/61.0.3163.100 Safari/537.36"
::1 - - [14/Mar/2018:12:31:43 +0000] "GET /card/1 HTTP/1.1" 304 - "http://localhost/" "Mozilla/5.0 (Windows NT 10.0; Win64; x64) AppleWebKit/537.36 (KHTML, like Gecko) Chrome/61.0.3163.100 Safari/537.36"
::1 - - [14/Mar/2018:12:31:43 +0000] "GET /partials/.html HTTP/1.1" 404 153 "http://localhost/" "Mozilla/5.0 (Windows NT 10.0; Win64; x64) AppleWebKit/537.36 (KHTML, like Gecko) Chrome/61.0.3163.100 Safari/537.36"
::1 - - [14/Mar/2018:12:31:43 +0000] "GET /uptoken HTTP/1.1" 200 140 "http://localhost/" "Mozilla/5.0 (Windows NT 10.0; Win64; x64) AppleWebKit/537.36 (KHTML, like Gecko) Chrome/61.0.3163.100 Safari/537.36"
::1 - - [14/Mar/2018:12:31:43 +0000] "GET /uptoken HTTP/1.1" 200 140 "http://localhost/" "Mozilla/5.0 (Windows NT 10.0; Win64; x64) AppleWebKit/537.36 (KHTML, like Gecko) Chrome/61.0.3163.100 Safari/537.36"
::1 - - [14/Mar/2018:12:31:43 +0000] "GET /uptoken HTTP/1.1" 200 140 "http://localhost/" "Mozilla/5.0 (Windows NT 10.0; Win64; x64) AppleWebKit/537.36 (KHTML, like Gecko) Chrome/61.0.3163.100 Safari/537.36"
::1 - - [14/Mar/2018:12:31:43 +0000] "GET /uptoken HTTP/1.1" 200 140 "http://localhost/" "Mozilla/5.0 (Windows NT 10.0; Win64; x64) AppleWebKit/537.36 (KHTML, like Gecko) Chrome/61.0.3163.100 Safari/537.36"
::1 - - [14/Mar/2018:12:32:26 +0000] "PUT /card/ HTTP/1.1" 200 23 "http://localhost/" "Mozilla/5.0 (Windows NT 10.0; Win64; x64) AppleWebKit/537.36 (KHTML, like Gecko) Chrome/61.0.3163.100 Safari/537.36"
::1 - PUT /card/ HTTP/1.1 200 23 - 38.018 ms
