GET / 200 5538 - 16.700 ms
GET /stylesheets/front.css 304 - - 4.849 ms
GET /wangeditor/css/font-awesome.min.css 304 - - 5.744 ms
GET /wangeditor/css/wangEditor.min.css 304 - - 6.301 ms
GET /javascripts/qrcode.js 304 - - 3.024 ms
GET /javascripts/qrcode_UTF8.js 304 - - 2.774 ms
GET /javascripts/angular-qrcode.js 304 - - 2.002 ms
GET /javascripts/main.js 304 - - 2.124 ms
GET /wangeditor/js/wangEditor.min.js 304 - - 2.293 ms
GET /javascripts/app.js 200 18132 - 4.670 ms
GET /wangeditor/js/plupload/plupload.full.min.js 304 - - 3.606 ms
GET /wangeditor/js/plupload/i18n/zh_CN.js 304 - - 4.152 ms
GET /wangeditor/js/qiniu.js 304 - - 1.166 ms
GET / 304 - - 0.769 ms
GET /stylesheets/front.css 304 - - 0.944 ms
GET /wangeditor/css/font-awesome.min.css 304 - - 0.991 ms
GET /wangeditor/css/wangEditor.min.css 304 - - 2.175 ms
GET /javascripts/qrcode.js 304 - - 4.373 ms
GET /javascripts/qrcode_UTF8.js 304 - - 4.992 ms
GET /javascripts/angular-qrcode.js 304 - - 3.401 ms
GET /javascripts/app.js 304 - - 3.382 ms
GET /javascripts/main.js 304 - - 3.639 ms
GET /wangeditor/js/wangEditor.min.js 304 - - 3.112 ms
GET /wangeditor/js/plupload/plupload.full.min.js 304 - - 2.606 ms
GET /wangeditor/js/plupload/i18n/zh_CN.js 304 - - 2.495 ms
GET /wangeditor/js/qiniu.js 304 - - 2.569 ms
GET /stylesheets/front.css 304 - - 1.776 ms
GET /wangeditor/css/font-awesome.min.css 304 - - 1.875 ms
GET /wangeditor/css/wangEditor.min.css 304 - - 1.568 ms
GET / 304 - - 0.570 ms
GET /stylesheets/front.css 304 - - 5.074 ms
GET /wangeditor/css/font-awesome.min.css 304 - - 3.936 ms
GET /wangeditor/css/wangEditor.min.css 304 - - 3.905 ms
GET /javascripts/qrcode.js 304 - - 3.260 ms
GET /javascripts/qrcode_UTF8.js 304 - - 3.203 ms
GET /javascripts/angular-qrcode.js 304 - - 3.298 ms
GET /javascripts/main.js 304 - - 4.501 ms
GET /wangeditor/js/wangEditor.min.js 304 - - 4.143 ms
GET /wangeditor/js/plupload/plupload.full.min.js 304 - - 4.334 ms
GET /wangeditor/js/plupload/i18n/zh_CN.js 304 - - 4.349 ms
GET /wangeditor/js/qiniu.js 304 - - 4.253 ms
GET /javascripts/app.js 200 18131 - 11.535 ms
GET / 200 5547 - 1.301 ms
GET /stylesheets/front.css 304 - - 2.571 ms
GET /wangeditor/css/font-awesome.min.css 304 - - 2.276 ms
GET /wangeditor/css/wangEditor.min.css 304 - - 2.280 ms
GET /javascripts/qrcode.js 304 - - 2.354 ms
GET /javascripts/qrcode_UTF8.js 304 - - 2.484 ms
GET /javascripts/angular-qrcode.js 304 - - 2.414 ms
GET /javascripts/app.js 304 - - 1.035 ms
GET /javascripts/main.js 304 - - 0.553 ms
GET /wangeditor/js/wangEditor.min.js 304 - - 1.635 ms
GET /wangeditor/js/plupload/plupload.full.min.js 304 - - 1.314 ms
GET /wangeditor/js/plupload/i18n/zh_CN.js 304 - - 1.094 ms
GET /wangeditor/js/qiniu.js 304 - - 1.373 ms
GET / 200 2685 - 1.056 ms
GET /javascripts/app.js 304 - - 3.939 ms
GET /lib/ngStorage.js 404 155 - 7.167 ms
GET /lib/ngStorage.js 404 155 - 1.226 ms
GET / 304 - - 0.445 ms
GET /lib/ngStorage.js 404 155 - 0.755 ms
GET /javascripts/app.js 304 - - 0.743 ms
GET /lib/ngStorage.js 404 155 - 0.479 ms
GET / 200 2693 - 0.906 ms
GET /javascripts/app.js 304 - - 0.927 ms
GET /javascripts/ngStorage.js 200 1179 - 1.719 ms
GET / 200 2693 - 0.915 ms
GET /javascripts/ngStorage.js 304 - - 0.872 ms
GET /javascripts/app.js 200 18131 - 1.823 ms
GET / 304 - - 0.444 ms
GET /javascripts/ngStorage.js 304 - - 3.007 ms
GET /javascripts/app.js 304 - - 2.524 ms
GET / 304 - - 0.485 ms
GET /javascripts/ngStorage.js 304 - - 1.003 ms
GET /javascripts/app.js 304 - - 0.858 ms
GET / 304 - - 8.311 ms
GET /javascripts/ngStorage.js 304 - - 4.232 ms
GET /javascripts/app.js 304 - - 1.239 ms
GET / 200 2647 - 5.644 ms
GET /javascripts/ngStorage.js 304 - - 0.919 ms
GET /javascripts/app.js 304 - - 1.046 ms
GET / 304 - - 0.440 ms
GET /javascripts/ngStorage.js 304 - - 1.285 ms
GET /javascripts/app.js 200 18135 - 6.110 ms
GET / 304 - - 0.457 ms
GET /javascripts/ngStorage.js 304 - - 0.729 ms
GET /javascripts/app.js 200 18135 - 1.489 ms
GET / 304 - - 0.608 ms
GET /javascripts/ngStorage.js 304 - - 0.557 ms
GET /javascripts/app.js 200 18135 - 1.897 ms
GET / 304 - - 0.503 ms
GET /javascripts/ngStorage.js 304 - - 1.479 ms
GET /javascripts/app.js 200 18135 - 2.815 ms
GET / 200 2634 - 1.056 ms
GET /javascripts/ngStorage.js 304 - - 1.186 ms
GET /javascripts/app.js 200 18131 - 1.359 ms
GET /partials/home.html 404 157 - 3.385 ms
GET /partials/signin.html 404 159 - 1.657 ms
GET / 304 - - 0.516 ms
GET /javascripts/ngStorage.js 304 - - 5.013 ms
GET /javascripts/app.js 304 - - 2.719 ms
GET /partials/signin.html 200 1005 - 0.747 ms
GET / 200 2720 - 0.977 ms
GET /javascripts/ngStorage.js 304 - - 1.491 ms
GET /javascripts/app.js 304 - - 1.143 ms
GET /partials/signin.html 304 - - 0.520 ms
GET /partials/home.html 200 236 - 1.443 ms
GET / 200 2721 - 0.922 ms
GET /javascripts/ngStorage.js 304 - - 2.469 ms
GET /javascripts/app.js 304 - - 1.406 ms
GET /partials/home.html 304 - - 0.622 ms
GET / 304 - - 1.342 ms
GET /javascripts/ngStorage.js 304 - - 0.988 ms
GET /javascripts/app.js 304 - - 1.047 ms
GET /partials/home.html 304 - - 0.703 ms
GET / 200 2592 - 0.924 ms
GET /javascripts/ngStorage.js 304 - - 1.638 ms
GET /javascripts/app.js 304 - - 1.438 ms
GET /partials/home.html 304 - - 0.852 ms
GET / 200 2711 - 0.907 ms
GET /javascripts/ngStorage.js 304 - - 2.168 ms
GET /javascripts/app.js 304 - - 2.097 ms
GET /partials/home.html 304 - - 0.449 ms
GET / 200 2700 - 0.799 ms
GET /javascripts/ngStorage.js 304 - - 1.473 ms
GET /javascripts/app.js 304 - - 1.123 ms
GET /partials/home.html 304 - - 0.533 ms
GET / 304 - - 0.520 ms
GET /javascripts/ngStorage.js 304 - - 0.605 ms
GET /javascripts/app.js 304 - - 0.704 ms
GET /partials/home.html 304 - - 0.428 ms
GET / 200 2687 - 0.920 ms
GET /javascripts/ngStorage.js 304 - - 2.291 ms
GET /javascripts/app.js 304 - - 4.188 ms
GET /partials/home.html 304 - - 0.389 ms
GET / 200 2581 - 0.792 ms
GET /javascripts/ngStorage.js 304 - - 0.806 ms
GET /javascripts/app.js 304 - - 0.843 ms
GET /partials/home.html 304 - - 0.956 ms
GET / 200 3048 - 1.627 ms
GET /javascripts/ngStorage.js 304 - - 1.494 ms
GET /javascripts/app.js 304 - - 1.423 ms
GET /partials/home.html 304 - - 0.813 ms
GET / 200 2721 - 2.297 ms
GET /javascripts/ngStorage.js 304 - - 0.764 ms
GET /javascripts/app.js 304 - - 0.782 ms
GET /partials/home.html 304 - - 0.554 ms
GET / 200 2586 - 0.753 ms
GET /javascripts/ngStorage.js 304 - - 1.644 ms
GET /javascripts/app.js 304 - - 1.152 ms
GET /partials/home.html 304 - - 0.473 ms
GET / 304 - - 0.407 ms
GET /javascripts/ngStorage.js 304 - - 0.748 ms
GET /javascripts/app.js 200 18134 - 1.631 ms
GET /partials/login.html 404 158 - 0.445 ms
GET / 200 2585 - 0.706 ms
GET /javascripts/ngStorage.js 304 - - 0.795 ms
GET /javascripts/app.js 304 - - 0.984 ms
GET /partials/login.html 200 1005 - 0.618 ms
GET / 304 - - 1.780 ms
GET /javascripts/ngStorage.js 304 - - 1.122 ms
GET /javascripts/app.js 304 - - 2.311 ms
GET /partials/login.html 304 - - 2.623 ms
GET / 200 2600 - 0.949 ms
GET /javascripts/ngStorage.js 304 - - 3.917 ms
GET /javascripts/app.js 304 - - 2.733 ms
GET /partials/login.html 200 1040 - 2.178 ms
GET / 200 2658 - 1.033 ms
GET /javascripts/ngStorage.js 304 - - 5.323 ms
GET /javascripts/app.js 304 - - 2.144 ms
GET /partials/login.html 304 - - 1.435 ms
GET /images/favicon.png 200 845 - 1.779 ms
GET / 304 - - 0.621 ms
GET /javascripts/ngStorage.js 304 - - 2.602 ms
GET /javascripts/app.js 304 - - 0.973 ms
GET /partials/login.html 200 1023 - 1.841 ms
GET / 304 - - 1.353 ms
GET /javascripts/ngStorage.js 304 - - 1.818 ms
GET /javascripts/app.js 304 - - 1.283 ms
GET /partials/login.html 200 1023 - 2.641 ms
GET / 304 - - 0.459 ms
GET /javascripts/ngStorage.js 304 - - 0.838 ms
GET /javascripts/app.js 304 - - 0.872 ms
GET /partials/login.html 200 1040 - 0.799 ms
GET / 304 - - 0.692 ms
GET /javascripts/ngStorage.js 304 - - 2.144 ms
GET /javascripts/app.js 304 - - 1.329 ms
GET /partials/login.html 200 1040 - 0.974 ms
GET / 304 - - 0.623 ms
GET /javascripts/ngStorage.js 304 - - 0.765 ms
GET /javascripts/app.js 304 - - 1.025 ms
GET /partials/login.html 200 1039 - 1.458 ms
GET / 304 - - 0.910 ms
GET /javascripts/ngStorage.js 304 - - 1.115 ms
GET /javascripts/app.js 304 - - 2.068 ms
GET /partials/login.html 200 1040 - 0.952 ms
GET / 304 - - 0.558 ms
GET /javascripts/ngStorage.js 304 - - 0.877 ms
GET /javascripts/app.js 304 - - 0.947 ms
GET /partials/login.html 200 1067 - 2.113 ms
GET / 304 - - 0.385 ms
GET /javascripts/ngStorage.js 304 - - 1.501 ms
GET /javascripts/app.js 304 - - 1.373 ms
GET /partials/login.html 200 1040 - 1.546 ms
GET / 304 - - 0.576 ms
GET /javascripts/ngStorage.js 304 - - 16.273 ms
GET /javascripts/app.js 304 - - 2.842 ms
GET /partials/login.html 200 1077 - 1.617 ms
GET / 304 - - 1.259 ms
GET /javascripts/ngStorage.js 304 - - 3.802 ms
GET /javascripts/app.js 304 - - 5.081 ms
GET /partials/login.html 200 1123 - 0.936 ms
GET / 304 - - 0.404 ms
GET /javascripts/ngStorage.js 304 - - 2.132 ms
GET /javascripts/app.js 304 - - 2.446 ms
GET /partials/login.html 200 1123 - 0.807 ms
GET /partials/signup.html 200 1034 - 1.991 ms
GET / 304 - - 0.480 ms
GET /javascripts/ngStorage.js 304 - - 0.827 ms
GET /javascripts/app.js 304 - - 2.122 ms
GET /partials/login.html 200 1123 - 0.677 ms
GET / 200 2574 - 1.249 ms
GET /javascripts/ngStorage.js 304 - - 0.863 ms
GET /javascripts/app.js 304 - - 0.917 ms
GET /partials/login.html 304 - - 0.510 ms
GET / 304 - - 1.719 ms
GET /javascripts/ngStorage.js 304 - - 2.060 ms
GET /javascripts/app.js 304 - - 2.605 ms
GET /partials/login.html 304 - - 0.496 ms
GET / 304 - - 0.413 ms
GET /javascripts/ngStorage.js 304 - - 2.128 ms
GET /javascripts/app.js 304 - - 2.566 ms
GET /partials/login.html 200 1122 - 0.867 ms
GET / 304 - - 0.474 ms
GET /javascripts/ngStorage.js 304 - - 1.290 ms
GET /javascripts/app.js 200 18134 - 1.326 ms
GET /partials/login.html 200 1121 - 0.739 ms
GET / 200 2574 - 1.146 ms
GET /javascripts/ngStorage.js 200 1179 - 3.074 ms
GET /javascripts/app.js 200 18134 - 1.503 ms
GET /images/favicon.png 200 845 - 1.629 ms
GET /partials/login.html 200 1121 - 0.778 ms
GET / 304 - - 1.456 ms
GET /javascripts/ngStorage.js 304 - - 1.602 ms
GET /javascripts/app.js 200 18134 - 2.066 ms
GET /images/favicon.png 304 - - 0.435 ms
GET /partials/login.html 304 - - 0.477 ms
GET / 304 - - 0.411 ms
GET /javascripts/ngStorage.js 304 - - 1.648 ms
GET /javascripts/app.js 200 18155 - 1.800 ms
GET /images/favicon.png 304 - - 1.049 ms
GET /partials/login.html 304 - - 1.394 ms
GET / 304 - - 1.860 ms
GET /javascripts/ngStorage.js 304 - - 1.650 ms
GET /javascripts/app.js 304 - - 0.796 ms
GET /images/favicon.png 304 - - 0.401 ms
GET /partials/login.html 200 1123 - 0.883 ms
GET / 304 - - 0.430 ms
GET /javascripts/ngStorage.js 304 - - 0.817 ms
GET /javascripts/app.js 200 18156 - 1.030 ms
GET /images/favicon.png 304 - - 0.464 ms
GET /partials/login.html 304 - - 1.705 ms
GET / 304 - - 0.805 ms
GET /javascripts/ngStorage.js 304 - - 0.504 ms
GET /javascripts/app.js 200 18178 - 1.018 ms
GET /images/favicon.png 304 - - 0.344 ms
GET /partials/login.html 304 - - 0.472 ms
GET / 304 - - 1.231 ms
GET /javascripts/ngStorage.js 304 - - 0.529 ms
GET /javascripts/app.js 200 18137 - 0.872 ms
GET /images/favicon.png 304 - - 0.539 ms
GET /partials/login.html 304 - - 1.565 ms
GET / 304 - - 0.901 ms
GET /javascripts/ngStorage.js 304 - - 1.743 ms
GET /javascripts/app.js 304 - - 1.494 ms
GET /images/favicon.png 304 - - 0.478 ms
GET /partials/login.html 304 - - 0.428 ms
GET / 304 - - 0.407 ms
GET /javascripts/ngStorage.js 304 - - 0.728 ms
GET /javascripts/app.js 200 18140 - 1.010 ms
GET /images/favicon.png 304 - - 0.445 ms
GET /partials/login.html 304 - - 0.790 ms
GET / 304 - - 0.337 ms
GET /javascripts/ngStorage.js 304 - - 0.769 ms
GET /javascripts/app.js 304 - - 1.008 ms
GET /partials/login.html 304 - - 0.394 ms
GET /images/favicon.png 304 - - 0.638 ms
